0 silly input []
1 silly flags { _: [ 'bootstrap' ],
1 silly flags   'reject-cycles': false,
1 silly flags   rejectCycles: false,
1 silly flags   args: [] }
2 verbose rootPath /home/andreas/Workspaces/Shared/dumbfound
3 info version 2.5.1
4 silly existsSync /home/andreas/Workspaces/Shared/dumbfound/VERSION
5 silly initialize attempt
6 silly npmConfig { registry: undefined,
6 silly npmConfig   npmClient: undefined,
6 silly npmConfig   npmClientArgs: undefined,
6 silly npmConfig   mutex: undefined }
7 silly initialize success
8 silly execute attempt
9 info Bootstrapping 1 packages
10 info lifecycle preinstall
11 silly runScript preinstall dumbfound-jest
12 silly dumbfound-jest
13 silly hasDependencyInstalled dumbfound-jest dumbfound
14 silly dependencyIsSatisfied [ 'dumbfound',
14 silly dependencyIsSatisfied   '*',
14 silly dependencyIsSatisfied   '/home/andreas/Workspaces/Shared/dumbfound/packages/jest/node_modules' ]
15 verbose dependencyIsSatisfied dumbfound false
16 silly root dependencies []
17 silly leaf dependencies {
17 silly leaf dependencies   "dumbfound-jest": [
17 silly leaf dependencies     {
17 silly leaf dependencies       "dependency": "dumbfound@*",
17 silly leaf dependencies       "isSatisfied": false
17 silly leaf dependencies     }
17 silly leaf dependencies   ]
17 silly leaf dependencies }
18 info Installing external dependencies
19 verbose actions 1 actions, concurrency 4
20 silly installInDir jest [ 'dumbfound@*' ]
21 silly installInDir backup /home/andreas/Workspaces/Shared/dumbfound/packages/jest/package.json
22 silly rename [ '/home/andreas/Workspaces/Shared/dumbfound/packages/jest/package.json',
22 silly rename   '/home/andreas/Workspaces/Shared/dumbfound/packages/jest/package.json.lerna_backup' ]
23 silly installInDir writing tempJson { dependencies: { dumbfound: '*' } }
24 silly getExecOpts { cwd: '/home/andreas/Workspaces/Shared/dumbfound/packages/jest' }
25 silly installInDir [ 'npm', [ 'install' ] ]
26 silly installInDir cleanup /home/andreas/Workspaces/Shared/dumbfound/packages/jest/package.json
27 silly renameSync [ '/home/andreas/Workspaces/Shared/dumbfound/packages/jest/package.json.lerna_backup',
27 silly renameSync   '/home/andreas/Workspaces/Shared/dumbfound/packages/jest/package.json' ]
28 verbose installed leaf dumbfound-jest
29 error execute callback with error
30 error Error: Command failed: npm install
30 error npm ERR! code E404
30 error npm ERR! 404 Not Found: dumbfound@*
30 error
30 error npm ERR! A complete log of this run can be found in:
30 error npm ERR!     /home/andreas/.npm/_logs/2018-02-09T20_39_51_035Z-debug.log
30 error
30 error     at Promise.all.then.arr (/home/andreas/.npm-packages/lib/node_modules/lerna/node_modules/execa/index.js:236:11)
30 error     at <anonymous>
